Build started 1/12/2016 6:07:09 PM.
     1>Project "C:\Users\Eric Huynh\Desktop\win-sdk-samples-master\opencv-webcam-demo\opencv-webcam-demo.vcxproj" on node 2 (Rebuild target(s)).
     1>ClCompile:
         C:\Program Files (x86)\Microsoft Visual Studio 12.0\VC\bin\CL.exe /c /I"..\affdex-sdk\include" /I..\opencv\build\include /ZI /nologo /W3 /WX- /sdl /Od /Oy- /D WIN32 /D _DEBUG /D _CONSOLE /D _LIB /D _UNICODE /D UNICODE /Gm /EHsc /RTC1 /MDd /GS /fp:precise /Zc:wchar_t /Zc:forScope /Fo"Debug\\" /Fd"Debug\vc120.pdb" /Gd /TP /analyze- /errorReport:prompt "opencv-webcam-demo.cpp"
         opencv-webcam-demo.cpp
     1>c:\users\eric huynh\desktop\win-sdk-samples-master\opencv-webcam-demo\opencv-webcam-demo.cpp(8): fatal error C1083: Cannot open include file: 'Frame.h': No such file or directory
     1>Done Building Project "C:\Users\Eric Huynh\Desktop\win-sdk-samples-master\opencv-webcam-demo\opencv-webcam-demo.vcxproj" (Rebuild target(s)) -- FAILED.

Build FAILED.

Time Elapsed 00:00:01.17
